<?xml version="1.0" encoding="UTF-8"?>
<!-- Generated by org.testng.reporters.JUnitReportReporter -->
<testsuite hostname="zip0091-PC" failures="0" tests="5" name="branchTestNG.TestNGBranch" time="5.838" errors="0" timestamp="2021-08-12T17:49:00 IST" skipped="0">
  <testcase classname="branchTestNG.TestNGBranch" name="openBrowser" time="1.800"/>
  <system-out/>
  <testcase classname="branchTestNG.TestNGBranch" name="launchZipErp" time="0.287"/>
  <system-out/>
  <testcase classname="branchTestNG.TestNGBranch" name="performLoginAndClick" time="0.486"/>
  <system-out/>
  <testcase classname="branchTestNG.TestNGBranch" name="moveToSetting" time="1.743"/>
  <system-out/>
  <testcase classname="branchTestNG.TestNGBranch" name="moveToBranchDetails" time="1.522"/>
  <system-out/>
</testsuite> <!-- branchTestNG.TestNGBranch -->
